2025-08-24T18:04:37+02:00 POST={"id":"79","detail_id":"79","dataid":"1756043287771","data_id":"1756043287771"} RAW= COOKIE={"PHPSESSID":"hpkujjr9vdfh59jd3psv3bgdhn"} SESSION={"user_id":1,"role":"user"}
2025-08-24T18:04:37+02:00 DIAG target_dataid=79 ownerOfDetail=0 ownedIds=[] allIds=[]
2025-08-24T18:06:52+02:00 POST={"id":"79"} RAW= COOKIE={"PHPSESSID":"hpkujjr9vdfh59jd3psv3bgdhn"} SESSION={"user_id":1,"role":"user"}
2025-08-24T18:06:52+02:00 DIAG target_dataid=79 ownerOfDetail=0 ownedIds=[] allIds=[]
2025-08-24T18:07:26+02:00 POST={"id":"79"} RAW= COOKIE={"PHPSESSID":"hpkujjr9vdfh59jd3psv3bgdhn"} SESSION={"user_id":1,"role":"user"}
2025-08-24T18:07:26+02:00 DIAG target_dataid=79 ownerOfDetail=0 ownedIds=[] allIds=[]
2025-08-24T18:14:16+02:00 POST={"id":"79"} RAW= COOKIE={"PHPSESSID":"hpkujjr9vdfh59jd3psv3bgdhn"} SESSION={"user_id":1,"role":"user"}
2025-08-24T18:14:16+02:00 NOTE: target_dataid=79 is unassigned (owner=0) - allowing user_id=1 to delete
2025-08-24T18:14:16+02:00 DIAG target_dataid=79 ownerOfDetail=0 ownedIds=[] allIds=[]
2025-08-24T18:14:19+02:00 POST={"id":"78"} RAW= COOKIE={"PHPSESSID":"hpkujjr9vdfh59jd3psv3bgdhn"} SESSION={"user_id":1,"role":"user"}
2025-08-24T18:14:19+02:00 NOTE: target_dataid=78 is unassigned (owner=0) - allowing user_id=1 to delete
2025-08-24T18:14:19+02:00 DIAG target_dataid=78 ownerOfDetail=0 ownedIds=[] allIds=[]
2025-08-24T18:14:21+02:00 POST={"id":"77"} RAW= COOKIE={"PHPSESSID":"hpkujjr9vdfh59jd3psv3bgdhn"} SESSION={"user_id":1,"role":"user"}
2025-08-24T18:14:21+02:00 NOTE: target_dataid=77 is unassigned (owner=0) - allowing user_id=1 to delete
2025-08-24T18:14:21+02:00 DIAG target_dataid=77 ownerOfDetail=0 ownedIds=[] allIds=[]
2025-08-24T18:14:25+02:00 POST={"id":"76"} RAW= COOKIE={"PHPSESSID":"hpkujjr9vdfh59jd3psv3bgdhn"} SESSION={"user_id":1,"role":"user"}
2025-08-24T18:14:25+02:00 NOTE: target_dataid=76 is unassigned (owner=0) - allowing user_id=1 to delete
2025-08-24T18:14:25+02:00 DIAG target_dataid=76 ownerOfDetail=0 ownedIds=[] allIds=[]
2025-08-24T18:14:29+02:00 POST={"id":"75"} RAW= COOKIE={"PHPSESSID":"hpkujjr9vdfh59jd3psv3bgdhn"} SESSION={"user_id":1,"role":"user"}
2025-08-24T18:14:29+02:00 NOTE: target_dataid=75 is unassigned (owner=0) - allowing user_id=1 to delete
2025-08-24T18:14:29+02:00 DIAG target_dataid=75 ownerOfDetail=0 ownedIds=[] allIds=[]
2025-08-24T18:16:02+02:00 POST={"id":"81"} RAW= COOKIE={"PHPSESSID":"hpkujjr9vdfh59jd3psv3bgdhn"} SESSION={"user_id":1,"role":"user"}
2025-08-24T18:16:02+02:00 NOTE: target_dataid=81 is unassigned (owner=0) - allowing user_id=1 to delete
2025-08-24T18:16:02+02:00 DIAG target_dataid=81 ownerOfDetail=0 ownedIds=[] allIds=[]
2025-08-24T18:28:35+02:00 POST={"id":"84"} RAW= COOKIE={"PHPSESSID":"hpkujjr9vdfh59jd3psv3bgdhn"} SESSION={"user_id":1,"role":"user"}
2025-08-24T18:28:35+02:00 NOTE: target_dataid=84 is unassigned (owner=0) - allowing user_id=1 to delete
2025-08-24T18:28:35+02:00 DIAG target_dataid=84 ownerOfDetail=0 ownedIds=[] allIds=[]
2025-08-24T18:28:38+02:00 POST={"id":"83"} RAW= COOKIE={"PHPSESSID":"hpkujjr9vdfh59jd3psv3bgdhn"} SESSION={"user_id":1,"role":"user"}
2025-08-24T18:28:38+02:00 NOTE: target_dataid=83 is unassigned (owner=0) - allowing user_id=1 to delete
2025-08-24T18:28:38+02:00 DIAG target_dataid=83 ownerOfDetail=0 ownedIds=[] allIds=[]
2025-08-24T18:28:42+02:00 POST={"id":"82"} RAW= COOKIE={"PHPSESSID":"hpkujjr9vdfh59jd3psv3bgdhn"} SESSION={"user_id":1,"role":"user"}
2025-08-24T18:28:42+02:00 NOTE: target_dataid=82 is unassigned (owner=0) - allowing user_id=1 to delete
2025-08-24T18:28:42+02:00 DIAG target_dataid=82 ownerOfDetail=0 ownedIds=[] allIds=[]
2025-08-24T18:28:45+02:00 POST={"id":"80"} RAW= COOKIE={"PHPSESSID":"hpkujjr9vdfh59jd3psv3bgdhn"} SESSION={"user_id":1,"role":"user"}
2025-08-24T18:28:45+02:00 NOTE: target_dataid=80 is unassigned (owner=0) - allowing user_id=1 to delete
2025-08-24T18:28:45+02:00 DIAG target_dataid=80 ownerOfDetail=0 ownedIds=[] allIds=[]
2025-08-24T18:42:03+02:00 POST={"id":"86"} RAW= COOKIE={"PHPSESSID":"hpkujjr9vdfh59jd3psv3bgdhn"} SESSION={"user_id":1,"role":"user"}
2025-08-24T18:42:03+02:00 NOTE: target_dataid=86 is unassigned (owner=0) - allowing user_id=1 to delete
2025-08-24T18:42:03+02:00 DIAG target_dataid=86 ownerOfDetail=0 ownedIds=[] allIds=[]
2025-08-25T13:36:37+02:00 POST={"id":"66"} RAW= COOKIE={"PHPSESSID":"nps0n8475l7joto34k48dv1csc"} SESSION={"user_id":1,"role":"user"}
2025-08-25T13:36:37+02:00 NOTE: target_dataid=66 is unassigned (owner=0) - allowing user_id=1 to delete
2025-08-25T13:36:37+02:00 DIAG target_dataid=66 ownerOfDetail=0 ownedIds=[] allIds=[]
2025-08-25T14:35:33+02:00 POST={"id":"70"} RAW= COOKIE={"PHPSESSID":"nps0n8475l7joto34k48dv1csc"} SESSION={"user_id":2,"role":"admin"}
2025-08-25T14:35:33+02:00 NOTE: target_dataid=70 is unassigned (owner=0) - allowing user_id=2 to delete
2025-08-25T14:35:33+02:00 DIAG target_dataid=70 ownerOfDetail=0 ownedIds=[] allIds=[]
2025-08-26T10:55:02+02:00 POST={"id":"74"} RAW= COOKIE={"PHPSESSID":"nvg254a6fhhnran562l0v072ap"} SESSION={"user_id":2,"role":"admin"}
2025-08-26T10:55:02+02:00 NOTE: target_dataid=74 is unassigned (owner=0) - allowing user_id=2 to delete
2025-08-26T10:55:02+02:00 DIAG target_dataid=74 ownerOfDetail=0 ownedIds=[] allIds=[]
2025-08-26T10:55:08+02:00 POST={"id":"75"} RAW= COOKIE={"PHPSESSID":"nvg254a6fhhnran562l0v072ap"} SESSION={"user_id":2,"role":"admin"}
2025-08-26T10:55:08+02:00 NOTE: target_dataid=75 is unassigned (owner=0) - allowing user_id=2 to delete
2025-08-26T10:55:08+02:00 DIAG target_dataid=75 ownerOfDetail=0 ownedIds=[] allIds=[]
